\BOOKMARK [0][-]{chapter.1}{Introduction}{}% 1
\BOOKMARK [1][-]{section.1.1}{Overview of the arbitrage-free asset pricing}{chapter.1}% 2
\BOOKMARK [2][-]{subsection.1.1.1}{Arbitrage-free interest rate models}{section.1.1}% 3
\BOOKMARK [2][-]{subsection.1.1.2}{Intensity based modeling of credit risk}{section.1.1}% 4
\BOOKMARK [1][-]{section.1.2}{Overview of the thesis}{chapter.1}% 5
\BOOKMARK [1][-]{section.1.3}{Fixed notation}{chapter.1}% 6
\BOOKMARK [0][-]{chapter.2}{Idealized rates and instruments}{}% 7
\BOOKMARK [1][-]{section.2.1}{Fundamental rates and instruments}{chapter.2}% 8
\BOOKMARK [2][-]{subsection.2.1.1}{Short-rate, idealized bank account and stochastic discount factor}{section.2.1}% 9
\BOOKMARK [2][-]{subsection.2.1.2}{Zero-coupon bond}{section.2.1}% 10
\BOOKMARK [2][-]{subsection.2.1.3}{Simple spot L\(t,T\) and k-times compounded simple spot rate}{section.2.1}% 11
\BOOKMARK [2][-]{subsection.2.1.4}{Forward rate agreement}{section.2.1}% 12
\BOOKMARK [1][-]{section.2.2}{Interest rate instruments}{chapter.2}% 13
\BOOKMARK [2][-]{subsection.2.2.1}{Fixed leg and floating leg}{section.2.2}% 14
\BOOKMARK [2][-]{subsection.2.2.2}{Coupon bearing bond}{section.2.2}% 15
\BOOKMARK [2][-]{subsection.2.2.3}{Vanilla interest rate swap}{section.2.2}% 16
\BOOKMARK [2][-]{subsection.2.2.4}{Overnight indexed swap}{section.2.2}% 17
\BOOKMARK [2][-]{subsection.2.2.5}{Call and put option and call-put parity}{section.2.2}% 18
\BOOKMARK [2][-]{subsection.2.2.6}{Caplet, cap, floorlet and floor}{section.2.2}% 19
\BOOKMARK [2][-]{subsection.2.2.7}{Swaption}{section.2.2}% 20
\BOOKMARK [1][-]{section.2.3}{Defaultable instruments and credit default swaps}{chapter.2}% 21
\BOOKMARK [2][-]{subsection.2.3.1}{Defaultable T-bond}{section.2.3}% 22
\BOOKMARK [2][-]{subsection.2.3.2}{Credit default swap}{section.2.3}% 23
\BOOKMARK [0][-]{chapter.3}{An introduction to arbitrage pricing theory}{}% 24
\BOOKMARK [1][-]{section.3.1}{Discrete one period model}{chapter.3}% 25
\BOOKMARK [2][-]{subsection.3.1.1}{The first fundamental theorem of asset pricing in discrete one period model}{section.3.1}% 26
\BOOKMARK [2][-]{subsection.3.1.2}{The second fundamental theorem of asset pricing in discrete one period model}{section.3.1}% 27
\BOOKMARK [1][-]{section.3.2}{Arbitrage theory in continuous markets}{chapter.3}% 28
\BOOKMARK [2][-]{subsection.3.2.1}{Risk-free measure}{section.3.2}% 29
\BOOKMARK [2][-]{subsection.3.2.2}{Black-Scholes\205model}{section.3.2}% 30
\BOOKMARK [2][-]{subsection.3.2.3}{Black-76\205model}{section.3.2}% 31
\BOOKMARK [2][-]{subsection.3.2.4}{T-forward measure}{section.3.2}% 32
\BOOKMARK [2][-]{subsection.3.2.5}{Change of num\351raire}{section.3.2}% 33
\BOOKMARK [0][-]{chapter.4}{Short-rate models}{}% 34
\BOOKMARK [1][-]{section.4.1}{Introduction to short-rate models}{chapter.4}% 35
\BOOKMARK [2][-]{subsection.4.1.1}{Term-structure equation}{section.4.1}% 36
\BOOKMARK [2][-]{subsection.4.1.2}{Fundamental models}{section.4.1}% 37
\BOOKMARK [2][-]{subsection.4.1.3}{Preference-free models}{section.4.1}% 38
\BOOKMARK [1][-]{section.4.2}{One-factor short-rate models}{chapter.4}% 39
\BOOKMARK [2][-]{subsection.4.2.1}{Affine one-factor term-structures models}{section.4.2}% 40
\BOOKMARK [2][-]{subsection.4.2.2}{Va\235\355cek\205model}{section.4.2}% 41
\BOOKMARK [2][-]{subsection.4.2.3}{Cox-Ingersol-Ross\205model \(CIR\)}{section.4.2}% 42
\BOOKMARK [1][-]{section.4.3}{Multi-factor short-rate models}{chapter.4}% 43
\BOOKMARK [2][-]{subsection.4.3.1}{Simple A\(M,N\)\205models}{section.4.3}% 44
\BOOKMARK [1][-]{section.4.4}{Dynamic extension to match the given term-structure}{chapter.4}% 45
\BOOKMARK [2][-]{subsection.4.4.1}{Va\235\355cek++\205model}{section.4.4}% 46
\BOOKMARK [2][-]{subsection.4.4.2}{CIR++\205model}{section.4.4}% 47
\BOOKMARK [2][-]{subsection.4.4.3}{G2++\205model}{section.4.4}% 48
\BOOKMARK [1][-]{section.4.5}{Option valuation using Fourier inversion method}{chapter.4}% 49
\BOOKMARK [0][-]{chapter.5}{Intensity models}{}% 50
\BOOKMARK [1][-]{section.5.1}{Foundations of intensity models}{chapter.5}% 51
\BOOKMARK [2][-]{subsection.5.1.1}{Introduction}{section.5.1}% 52
\BOOKMARK [2][-]{subsection.5.1.2}{The credit triangle}{section.5.1}% 53
\BOOKMARK [1][-]{section.5.2}{Pricing}{chapter.5}% 54
\BOOKMARK [2][-]{subsection.5.2.1}{The protection leg of a credit default swap}{section.5.2}% 55
\BOOKMARK [2][-]{subsection.5.2.2}{The premium leg of a credit default swap}{section.5.2}% 56
\BOOKMARK [1][-]{section.5.3}{The assumption that the default is independent from interest rates}{chapter.5}% 57
\BOOKMARK [1][-]{section.5.4}{A\(M,N\) model for credit risk}{chapter.5}% 58
\BOOKMARK [0][-]{chapter.6}{Empirical work}{}% 59
\BOOKMARK [1][-]{section.6.1}{Research environment}{chapter.6}% 60
\BOOKMARK [1][-]{section.6.2}{Stationary calibration}{chapter.6}% 61
\BOOKMARK [2][-]{subsection.6.2.1}{Models without credit risk}{section.6.2}% 62
\BOOKMARK [2][-]{subsection.6.2.2}{Models with credit risk}{section.6.2}% 63
\BOOKMARK [1][-]{section.6.3}{Dynamic Euribor calibration without credit risk}{chapter.6}% 64
\BOOKMARK [0][-]{chapter.7}{Summary}{}% 65
\BOOKMARK [0][-]{appendix.A}{Mathematical appendix}{}% 66
\BOOKMARK [1][-]{section.A.1}{Characteristic function and Fourier transformation}{appendix.A}% 67
\BOOKMARK [1][-]{section.A.2}{Radon-Nikod\375m-theorem and the change of measure}{appendix.A}% 68
\BOOKMARK [1][-]{section.A.3}{Conditional expectation}{appendix.A}% 69
\BOOKMARK [1][-]{section.A.4}{Filtrations and martingales}{appendix.A}% 70
\BOOKMARK [1][-]{section.A.5}{A stopping time and localization}{appendix.A}% 71
\BOOKMARK [1][-]{section.A.6}{Brownian motion}{appendix.A}% 72
\BOOKMARK [1][-]{section.A.7}{It\364-integral}{appendix.A}% 73
\BOOKMARK [1][-]{section.A.8}{It\364 processes and It\364's lemma}{appendix.A}% 74
\BOOKMARK [1][-]{section.A.9}{Geometric Brownian motion}{appendix.A}% 75
\BOOKMARK [1][-]{section.A.10}{Girsanov's theorem}{appendix.A}% 76
\BOOKMARK [1][-]{section.A.11}{Martingale representation theorem}{appendix.A}% 77
\BOOKMARK [1][-]{section.A.12}{Feynman-Kac theorem}{appendix.A}% 78
\BOOKMARK [1][-]{section.A.13}{Partial information}{appendix.A}% 79
\BOOKMARK [1][-]{section.A.14}{Doubly stochastic default time}{appendix.A}% 80
\BOOKMARK [1][-]{section.A.15}{Characteristic functions and Fourier inversion method}{appendix.A}% 81
\BOOKMARK [1][-]{section.A.16}{A Gaussian calculation}{appendix.A}% 82
\BOOKMARK [1][-]{section.A.17}{Differential evolution}{appendix.A}% 83
\BOOKMARK [0][-]{appendix.B}{Charts and graphs}{}% 84
\BOOKMARK [1][-]{section.B.1}{Graphical presentation of the initial curve data}{appendix.B}% 85
\BOOKMARK [1][-]{section.B.2}{Comparison of actual inferred rates and calibrated model prices without default risk}{appendix.B}% 86
\BOOKMARK [1][-]{section.B.3}{Comparison of different calibrations between models without default risk}{appendix.B}% 87
\BOOKMARK [1][-]{section.B.4}{Model parameters for affine models without default risk}{appendix.B}% 88
\BOOKMARK [1][-]{section.B.5}{Comparison of parameters for affine models without default risk between different calibration attempts}{appendix.B}% 89
\BOOKMARK [1][-]{section.B.6}{Actual prices and calibrated prices of default models}{appendix.B}% 90
\BOOKMARK [1][-]{section.B.7}{Relative errors of default models}{appendix.B}% 91
\BOOKMARK [1][-]{section.B.8}{Comparison of calibrated parameters for affine models with default risk}{appendix.B}% 92
\BOOKMARK [1][-]{section.B.9}{Dynamic Euribor calibration without credit risk}{appendix.B}% 93
